2025-06-16 16:33:39,184 - __main__ - INFO - Starting TrackPro Session Creation Diagnostic
2025-06-16 16:33:39,184 - __main__ - INFO - This will help identify why telemetry data is not being saved
2025-06-16 16:33:39,185 - __main__ - INFO - ============================================================
2025-06-16 16:33:39,185 - __main__ - INFO - TESTING SUPABASE CONNECTION
2025-06-16 16:33:39,185 - __main__ - INFO - ============================================================
2025-06-16 16:33:39,185 - __main__ - INFO - 1. Testing Supabase client import...
2025-06-16 16:33:39,730 - trackpro.database.supabase_client - INFO - No saved authentication session found
2025-06-16 16:33:39,731 - trackpro.database.supabase_client - INFO - Checking if Supabase is enabled...
2025-06-16 16:33:39,731 - trackpro.config - INFO - Supabase enabled: True
2025-06-16 16:33:39,731 - trackpro.database.supabase_client - INFO - Supabase is enabled in configuration
2025-06-16 16:33:39,731 - trackpro.config - INFO - Found Supabase URL
2025-06-16 16:33:39,731 - trackpro.config - INFO - Found Supabase key
2025-06-16 16:33:39,732 - trackpro.database.supabase_client - INFO - Using Supabase URL: https://xbfotxwpntqplvvsffrr.supabase.co
2025-06-16 16:33:39,732 - trackpro.database.supabase_client - INFO - Got Supabase key: eyJhbGciOiJIUzI1NiIs...
2025-06-16 16:33:39,732 - trackpro.database.supabase_client - INFO - [INIT_DEBUG] Attempting DNS resolution for: xbfotxwpntqplvvsffrr.supabase.co
2025-06-16 16:33:39,732 - trackpro.database.supabase_client - INFO - [DNS] Resolving xbfotxwpntqplvvsffrr.supabase.co with 5s timeout...
2025-06-16 16:33:40,550 - trackpro.database.supabase_client - INFO - [DNS] Resolved xbfotxwpntqplvvsffrr.supabase.co to 172.64.149.246 in 0.82s
2025-06-16 16:33:40,550 - trackpro.database.supabase_client - INFO - Resolved xbfotxwpntqplvvsffrr.supabase.co to 172.64.149.246
2025-06-16 16:33:40,550 - trackpro.database.supabase_client - INFO - Initializing Supabase client...
2025-06-16 16:33:40,550 - trackpro.database.supabase_client - INFO - [INIT_DEBUG] Attempting create_client...
2025-06-16 16:33:40,823 - trackpro.database.supabase_client - INFO - [INIT_DEBUG] create_client call successful.
2025-06-16 16:33:40,823 - trackpro.database.supabase_client - INFO - [INIT_DEBUG] Client object created: True
2025-06-16 16:33:40,823 - trackpro.database.supabase_client - INFO - Testing connection to Supabase...
2025-06-16 16:33:40,824 - trackpro.database.supabase_client - INFO - [INIT_DEBUG] Attempting _client.auth.get_session()...
2025-06-16 16:33:40,824 - trackpro.database.supabase_client - INFO - [INIT_DEBUG] _client.auth.get_session() successful.
2025-06-16 16:33:40,824 - trackpro.database.supabase_client - INFO - Supabase client initialized and connected successfully
2025-06-16 16:33:41,135 - Supabase.client - INFO - Supabase client initialized with URL: https://xbfotxwpntqplvvsffrr.supabase.co
2025-06-16 16:33:41,491 - trackpro.race_coach - INFO - Compatibility methods already exist in RaceCoachWidget - no patching needed
2025-06-16 16:33:41,492 - trackpro.race_coach.debouncer - INFO - SmartDebouncer initialized - Phase 3 optimization active
2025-06-16 16:33:41,492 - trackpro.race_coach.debouncer - INFO - TrackProDebouncer initialized with optimized delays
2025-06-16 16:33:41,494 - trackpro.pedals.curve_cache - INFO - Loaded curve cache with 43 entries
2025-06-16 16:33:41,494 - trackpro.pedals.curve_cache - INFO - CurveCache initialized with TTL 3600s
2025-06-16 16:33:42,502 - trackpro.gamification.stripe_integration - WARNING - Stripe secret key not found in environment variables. Payment processing will be disabled.
2025-06-16 16:33:42,505 - trackpro.database.supabase_client - INFO - Initializing Supabase manager for the first time
2025-06-16 16:33:42,506 - trackpro.database.supabase_client - INFO - No saved authentication session found
2025-06-16 16:33:42,506 - trackpro.database.supabase_client - INFO - Checking if Supabase is enabled...
2025-06-16 16:33:42,506 - trackpro.config - INFO - Supabase enabled: True
2025-06-16 16:33:42,506 - trackpro.database.supabase_client - INFO - Supabase is enabled in configuration
2025-06-16 16:33:42,506 - trackpro.config - INFO - Found Supabase URL
2025-06-16 16:33:42,506 - trackpro.config - INFO - Found Supabase key
2025-06-16 16:33:42,507 - trackpro.database.supabase_client - INFO - Using Supabase URL: https://xbfotxwpntqplvvsffrr.supabase.co
2025-06-16 16:33:42,507 - trackpro.database.supabase_client - INFO - Got Supabase key: eyJhbGciOiJIUzI1NiIs...
2025-06-16 16:33:42,507 - trackpro.database.supabase_client - INFO - [INIT_DEBUG] Attempting DNS resolution for: xbfotxwpntqplvvsffrr.supabase.co
2025-06-16 16:33:42,507 - trackpro.database.supabase_client - INFO - Resolved xbfotxwpntqplvvsffrr.supabase.co to 172.64.149.246
2025-06-16 16:33:42,507 - trackpro.database.supabase_client - INFO - Initializing Supabase client...
2025-06-16 16:33:42,507 - trackpro.database.supabase_client - INFO - [INIT_DEBUG] Attempting create_client...
2025-06-16 16:33:42,707 - trackpro.database.supabase_client - INFO - [INIT_DEBUG] create_client call successful.
2025-06-16 16:33:42,708 - trackpro.database.supabase_client - INFO - [INIT_DEBUG] Client object created: True
2025-06-16 16:33:42,708 - trackpro.database.supabase_client - INFO - Testing connection to Supabase...
2025-06-16 16:33:42,708 - trackpro.database.supabase_client - INFO - [INIT_DEBUG] Attempting _client.auth.get_session()...
2025-06-16 16:33:42,708 - trackpro.database.supabase_client - INFO - [INIT_DEBUG] _client.auth.get_session() successful.
2025-06-16 16:33:42,709 - trackpro.database.supabase_client - INFO - Supabase client initialized and connected successfully
2025-06-16 16:33:42,724 - __main__ - INFO - 2. Testing authentication status...
2025-06-16 16:33:42,726 - __main__ - INFO - ============================================================
2025-06-16 16:33:42,726 - __main__ - INFO - CHECKING DATABASE TABLES
2025-06-16 16:33:42,726 - __main__ - INFO - ============================================================
2025-06-16 16:33:42,726 - __main__ - INFO - Checking table: sessions
2025-06-16 16:33:43,180 - __main__ - INFO - Checking table: laps
2025-06-16 16:33:43,289 - __main__ - INFO - Checking table: telemetry_points
2025-06-16 16:33:43,519 - __main__ - INFO - Checking table: tracks
2025-06-16 16:33:43,605 - __main__ - INFO - Checking table: cars
2025-06-16 16:33:43,704 - __main__ - INFO - ============================================================
2025-06-16 16:33:43,705 - __main__ - INFO - TESTING SESSION CREATION
2025-06-16 16:33:43,705 - __main__ - INFO - ============================================================
2025-06-16 16:33:43,706 - __main__ - INFO - ============================================================
2025-06-16 16:33:43,706 - __main__ - INFO - TESTING IRACING MONITOR SETUP
2025-06-16 16:33:43,706 - __main__ - INFO - ============================================================
2025-06-16 16:33:43,706 - __main__ - INFO - 1. Testing monitor imports...
2025-06-16 16:33:43,708 - trackpro.race_coach.connection_manager - INFO - SmartConnectionManager initialized - Phase 3 optimization active
2025-06-16 16:33:43,709 - __main__ - INFO - 2. Testing lap saver initialization...
2025-06-16 16:33:43,709 - trackpro.race_coach.iracing_lap_saver - INFO - [SaveLapWorker] Entered run() method.
2025-06-16 16:33:43,709 - trackpro.race_coach.iracing_lap_saver - INFO - [SaveLapWorker] Starting lap saving worker thread (self.running is True at this point)
2025-06-16 16:33:43,712 - trackpro.race_coach.iracing_lap_saver - INFO - [SaveLapWorker] IMMEDIATELY BEFORE while loop. self.running = True
2025-06-16 16:33:43,716 - trackpro.race_coach.lap_indexer - INFO - [LapIndexer] Immediate save callback registered
2025-06-16 16:33:43,724 - __main__ - INFO - 3. Checking lap saver session state...
2025-06-16 16:33:43,724 - __main__ - INFO -    Session ID: None
2025-06-16 16:33:43,724 - __main__ - INFO -    Track ID: None
2025-06-16 16:33:43,724 - __main__ - INFO -    Car ID: None
2025-06-16 16:33:43,724 - __main__ - INFO -    User ID: None
2025-06-16 16:33:43,725 - __main__ - INFO - ============================================================
2025-06-16 16:33:43,725 - __main__ - INFO - TESTING TELEMETRY PROCESSING
2025-06-16 16:33:43,725 - __main__ - INFO - ============================================================
2025-06-16 16:33:43,726 - trackpro.race_coach.iracing_lap_saver - INFO - [SaveLapWorker] Entered run() method.
2025-06-16 16:33:43,726 - trackpro.race_coach.iracing_lap_saver - INFO - [SaveLapWorker] Starting lap saving worker thread (self.running is True at this point)
2025-06-16 16:33:43,727 - trackpro.race_coach.iracing_lap_saver - INFO - [SaveLapWorker] IMMEDIATELY BEFORE while loop. self.running = True
2025-06-16 16:33:43,730 - trackpro.race_coach.lap_indexer - INFO - [LapIndexer] Immediate save callback registered
2025-06-16 16:33:43,736 - __main__ - INFO - Testing telemetry processing with dummy data...
2025-06-16 16:33:43,737 - __main__ - INFO - ============================================================
2025-06-16 16:33:43,738 - __main__ - INFO - CREATING MANUAL SESSION FOR TESTING
2025-06-16 16:33:43,738 - __main__ - INFO - ============================================================
2025-06-16 16:33:43,739 - __main__ - INFO - ============================================================
2025-06-16 16:33:43,739 - __main__ - INFO - DIAGNOSTIC SUMMARY
2025-06-16 16:33:43,739 - __main__ - INFO - ============================================================
2025-06-16 16:33:43,745 - __main__ - INFO - Check the failed tests above to fix the issues.
2025-06-16 16:41:36,883 - __main__ - INFO - Starting TrackPro Session Creation Diagnostic
2025-06-16 16:41:36,883 - __main__ - INFO - This will help identify why telemetry data is not being saved
2025-06-16 16:41:36,883 - __main__ - INFO - ============================================================
2025-06-16 16:41:36,883 - __main__ - INFO - TESTING SUPABASE CONNECTION
2025-06-16 16:41:36,883 - __main__ - INFO - ============================================================
2025-06-16 16:41:36,883 - __main__ - INFO - 1. Testing Supabase client import...
2025-06-16 16:41:37,420 - trackpro.database.supabase_client - INFO - No saved authentication session found
2025-06-16 16:41:37,420 - trackpro.database.supabase_client - INFO - Checking if Supabase is enabled...
2025-06-16 16:41:37,420 - trackpro.config - INFO - Supabase enabled: True
2025-06-16 16:41:37,420 - trackpro.database.supabase_client - INFO - Supabase is enabled in configuration
2025-06-16 16:41:37,421 - trackpro.config - INFO - Found Supabase URL
2025-06-16 16:41:37,421 - trackpro.config - INFO - Found Supabase key
2025-06-16 16:41:37,421 - trackpro.database.supabase_client - INFO - Using Supabase URL: https://xbfotxwpntqplvvsffrr.supabase.co
2025-06-16 16:41:37,421 - trackpro.database.supabase_client - INFO - Got Supabase key: eyJhbGciOiJIUzI1NiIs...
2025-06-16 16:41:37,421 - trackpro.database.supabase_client - INFO - [INIT_DEBUG] Attempting DNS resolution for: xbfotxwpntqplvvsffrr.supabase.co
2025-06-16 16:41:37,421 - trackpro.database.supabase_client - INFO - [DNS] Resolving xbfotxwpntqplvvsffrr.supabase.co with 5s timeout...
2025-06-16 16:41:37,443 - trackpro.database.supabase_client - INFO - [DNS] Resolved xbfotxwpntqplvvsffrr.supabase.co to 104.18.38.10 in 0.02s
2025-06-16 16:41:37,443 - trackpro.database.supabase_client - INFO - Resolved xbfotxwpntqplvvsffrr.supabase.co to 104.18.38.10
2025-06-16 16:41:37,443 - trackpro.database.supabase_client - INFO - Initializing Supabase client...
2025-06-16 16:41:37,443 - trackpro.database.supabase_client - INFO - [INIT_DEBUG] Attempting create_client...
2025-06-16 16:41:37,710 - trackpro.database.supabase_client - INFO - [INIT_DEBUG] create_client call successful.
2025-06-16 16:41:37,711 - trackpro.database.supabase_client - INFO - [INIT_DEBUG] Client object created: True
2025-06-16 16:41:37,711 - trackpro.database.supabase_client - INFO - Testing connection to Supabase...
2025-06-16 16:41:37,711 - trackpro.database.supabase_client - INFO - [INIT_DEBUG] Attempting _client.auth.get_session()...
2025-06-16 16:41:37,712 - trackpro.database.supabase_client - INFO - [INIT_DEBUG] _client.auth.get_session() successful.
2025-06-16 16:41:37,712 - trackpro.database.supabase_client - INFO - Supabase client initialized and connected successfully
2025-06-16 16:41:38,023 - Supabase.client - INFO - Supabase client initialized with URL: https://xbfotxwpntqplvvsffrr.supabase.co
2025-06-16 16:41:38,365 - trackpro.race_coach - INFO - Compatibility methods already exist in RaceCoachWidget - no patching needed
2025-06-16 16:41:38,366 - trackpro.race_coach.debouncer - INFO - SmartDebouncer initialized - Phase 3 optimization active
2025-06-16 16:41:38,366 - trackpro.race_coach.debouncer - INFO - TrackProDebouncer initialized with optimized delays
2025-06-16 16:41:38,368 - trackpro.pedals.curve_cache - INFO - Loaded curve cache with 43 entries
2025-06-16 16:41:38,368 - trackpro.pedals.curve_cache - INFO - CurveCache initialized with TTL 3600s
2025-06-16 16:41:39,365 - trackpro.gamification.stripe_integration - WARNING - Stripe secret key not found in environment variables. Payment processing will be disabled.
2025-06-16 16:41:39,368 - trackpro.database.supabase_client - INFO - Initializing Supabase manager for the first time
2025-06-16 16:41:39,369 - trackpro.database.supabase_client - INFO - No saved authentication session found
2025-06-16 16:41:39,369 - trackpro.database.supabase_client - INFO - Checking if Supabase is enabled...
2025-06-16 16:41:39,369 - trackpro.config - INFO - Supabase enabled: True
2025-06-16 16:41:39,369 - trackpro.database.supabase_client - INFO - Supabase is enabled in configuration
2025-06-16 16:41:39,369 - trackpro.config - INFO - Found Supabase URL
2025-06-16 16:41:39,369 - trackpro.config - INFO - Found Supabase key
2025-06-16 16:41:39,369 - trackpro.database.supabase_client - INFO - Using Supabase URL: https://xbfotxwpntqplvvsffrr.supabase.co
2025-06-16 16:41:39,369 - trackpro.database.supabase_client - INFO - Got Supabase key: eyJhbGciOiJIUzI1NiIs...
2025-06-16 16:41:39,369 - trackpro.database.supabase_client - INFO - [INIT_DEBUG] Attempting DNS resolution for: xbfotxwpntqplvvsffrr.supabase.co
2025-06-16 16:41:39,370 - trackpro.database.supabase_client - INFO - Resolved xbfotxwpntqplvvsffrr.supabase.co to 104.18.38.10
2025-06-16 16:41:39,370 - trackpro.database.supabase_client - INFO - Initializing Supabase client...
2025-06-16 16:41:39,370 - trackpro.database.supabase_client - INFO - [INIT_DEBUG] Attempting create_client...
2025-06-16 16:41:39,569 - trackpro.database.supabase_client - INFO - [INIT_DEBUG] create_client call successful.
2025-06-16 16:41:39,569 - trackpro.database.supabase_client - INFO - [INIT_DEBUG] Client object created: True
2025-06-16 16:41:39,569 - trackpro.database.supabase_client - INFO - Testing connection to Supabase...
2025-06-16 16:41:39,570 - trackpro.database.supabase_client - INFO - [INIT_DEBUG] Attempting _client.auth.get_session()...
2025-06-16 16:41:39,570 - trackpro.database.supabase_client - INFO - [INIT_DEBUG] _client.auth.get_session() successful.
2025-06-16 16:41:39,570 - trackpro.database.supabase_client - INFO - Supabase client initialized and connected successfully
2025-06-16 16:41:39,585 - __main__ - INFO - 2. Testing authentication status...
2025-06-16 16:41:39,586 - __main__ - INFO - ============================================================
2025-06-16 16:41:39,586 - __main__ - INFO - CHECKING DATABASE TABLES
2025-06-16 16:41:39,587 - __main__ - INFO - ============================================================
2025-06-16 16:41:39,587 - __main__ - INFO - Checking table: sessions
2025-06-16 16:41:40,052 - __main__ - INFO - Checking table: laps
2025-06-16 16:41:40,163 - __main__ - INFO - Checking table: telemetry_points
2025-06-16 16:41:40,249 - __main__ - INFO - Checking table: tracks
2025-06-16 16:41:40,332 - __main__ - INFO - Checking table: cars
2025-06-16 16:41:40,427 - __main__ - INFO - ============================================================
2025-06-16 16:41:40,428 - __main__ - INFO - TESTING SESSION CREATION
2025-06-16 16:41:40,428 - __main__ - INFO - ============================================================
2025-06-16 16:41:40,429 - __main__ - INFO - ============================================================
2025-06-16 16:41:40,429 - __main__ - INFO - TESTING IRACING MONITOR SETUP
2025-06-16 16:41:40,429 - __main__ - INFO - ============================================================
2025-06-16 16:41:40,429 - __main__ - INFO - 1. Testing monitor imports...
2025-06-16 16:41:40,431 - trackpro.race_coach.connection_manager - INFO - SmartConnectionManager initialized - Phase 3 optimization active
2025-06-16 16:41:40,432 - __main__ - INFO - 2. Testing lap saver initialization...
2025-06-16 16:41:40,433 - trackpro.race_coach.iracing_lap_saver - INFO - [SaveLapWorker] Entered run() method.
2025-06-16 16:41:40,433 - trackpro.race_coach.iracing_lap_saver - INFO - [SaveLapWorker] Starting lap saving worker thread (self.running is True at this point)
2025-06-16 16:41:40,435 - trackpro.race_coach.iracing_lap_saver - INFO - [SaveLapWorker] IMMEDIATELY BEFORE while loop. self.running = True
2025-06-16 16:41:40,438 - trackpro.race_coach.lap_indexer - INFO - [LapIndexer] Immediate save callback registered
2025-06-16 16:41:40,446 - __main__ - INFO - 3. Checking lap saver session state...
2025-06-16 16:41:40,447 - __main__ - INFO -    Session ID: None
2025-06-16 16:41:40,447 - __main__ - INFO -    Track ID: None
2025-06-16 16:41:40,447 - __main__ - INFO -    Car ID: None
2025-06-16 16:41:40,447 - __main__ - INFO -    User ID: None
2025-06-16 16:41:40,448 - __main__ - INFO - ============================================================
2025-06-16 16:41:40,448 - __main__ - INFO - TESTING TELEMETRY PROCESSING
2025-06-16 16:41:40,448 - __main__ - INFO - ============================================================
2025-06-16 16:41:40,449 - trackpro.race_coach.iracing_lap_saver - INFO - [SaveLapWorker] Entered run() method.
2025-06-16 16:41:40,449 - trackpro.race_coach.iracing_lap_saver - INFO - [SaveLapWorker] Starting lap saving worker thread (self.running is True at this point)
2025-06-16 16:41:40,450 - trackpro.race_coach.iracing_lap_saver - INFO - [SaveLapWorker] IMMEDIATELY BEFORE while loop. self.running = True
2025-06-16 16:41:40,452 - trackpro.race_coach.lap_indexer - INFO - [LapIndexer] Immediate save callback registered
2025-06-16 16:41:40,459 - __main__ - INFO - Testing telemetry processing with dummy data...
2025-06-16 16:41:40,460 - __main__ - INFO - ============================================================
2025-06-16 16:41:40,460 - __main__ - INFO - CREATING MANUAL SESSION FOR TESTING
2025-06-16 16:41:40,461 - __main__ - INFO - ============================================================
2025-06-16 16:41:40,462 - __main__ - INFO - ============================================================
2025-06-16 16:41:40,462 - __main__ - INFO - CHECKING RACE COACH MONITORING
2025-06-16 16:41:40,462 - __main__ - INFO - ============================================================
2025-06-16 16:41:40,462 - trackpro.auth.user_manager - WARNING - Created anonymous user with temporary ID: 44718f7f-065b-42c5-a1e9-0f77fd40a62b
2025-06-16 16:41:40,463 - __main__ - ERROR -    Solution: User needs to login to TrackPro first
2025-06-16 16:41:40,463 - __main__ - INFO - ============================================================
2025-06-16 16:41:40,463 - __main__ - INFO - ATTEMPTING MANUAL MONITOR START
2025-06-16 16:41:40,463 - __main__ - INFO - ============================================================
2025-06-16 16:41:40,465 - __main__ - INFO - ============================================================
2025-06-16 16:41:40,465 - __main__ - INFO - DIAGNOSTIC SUMMARY
2025-06-16 16:41:40,465 - __main__ - INFO - ============================================================
2025-06-16 16:41:40,473 - __main__ - INFO - Check the failed tests above to fix the issues.
2025-06-16 16:41:40,473 - __main__ - INFO - 
2025-06-16 16:41:40,474 - __main__ - INFO -    1. Open TrackPro
2025-06-16 16:41:40,474 - __main__ - INFO -    2. Click the login button
2025-06-16 16:41:40,474 - __main__ - INFO -    3. Login with Google/Discord
2025-06-16 16:41:40,474 - __main__ - INFO -    4. Then start iRacing and the telemetry will be saved
2025-06-16 16:41:40,474 - __main__ - INFO - 
2025-06-16 16:43:51,102 - __main__ - INFO - Starting TrackPro Session Creation Diagnostic
2025-06-16 16:43:51,103 - __main__ - INFO - This will help identify why telemetry data is not being saved
2025-06-16 16:43:51,103 - __main__ - INFO - ============================================================
2025-06-16 16:43:51,103 - __main__ - INFO - TESTING SUPABASE CONNECTION
2025-06-16 16:43:51,103 - __main__ - INFO - ============================================================
2025-06-16 16:43:51,103 - __main__ - INFO - 1. Testing Supabase client import...
2025-06-16 16:43:51,681 - trackpro.database.supabase_client - INFO - No saved authentication session found
2025-06-16 16:43:51,681 - trackpro.database.supabase_client - INFO - Checking if Supabase is enabled...
2025-06-16 16:43:51,681 - trackpro.config - INFO - Supabase enabled: True
2025-06-16 16:43:51,681 - trackpro.database.supabase_client - INFO - Supabase is enabled in configuration
2025-06-16 16:43:51,681 - trackpro.config - INFO - Found Supabase URL
2025-06-16 16:43:51,681 - trackpro.config - INFO - Found Supabase key
2025-06-16 16:43:51,682 - trackpro.database.supabase_client - INFO - Using Supabase URL: https://xbfotxwpntqplvvsffrr.supabase.co
2025-06-16 16:43:51,682 - trackpro.database.supabase_client - INFO - Got Supabase key: eyJhbGciOiJIUzI1NiIs...
2025-06-16 16:43:51,682 - trackpro.database.supabase_client - INFO - [INIT_DEBUG] Attempting DNS resolution for: xbfotxwpntqplvvsffrr.supabase.co
2025-06-16 16:43:51,682 - trackpro.database.supabase_client - INFO - [DNS] Resolving xbfotxwpntqplvvsffrr.supabase.co with 5s timeout...
2025-06-16 16:43:51,690 - trackpro.database.supabase_client - INFO - [DNS] Resolved xbfotxwpntqplvvsffrr.supabase.co to 104.18.38.10 in 0.01s
2025-06-16 16:43:51,690 - trackpro.database.supabase_client - INFO - Resolved xbfotxwpntqplvvsffrr.supabase.co to 104.18.38.10
2025-06-16 16:43:51,690 - trackpro.database.supabase_client - INFO - Initializing Supabase client...
2025-06-16 16:43:51,690 - trackpro.database.supabase_client - INFO - [INIT_DEBUG] Attempting create_client...
2025-06-16 16:43:51,980 - trackpro.database.supabase_client - INFO - [INIT_DEBUG] create_client call successful.
2025-06-16 16:43:51,981 - trackpro.database.supabase_client - INFO - [INIT_DEBUG] Client object created: True
2025-06-16 16:43:51,981 - trackpro.database.supabase_client - INFO - Testing connection to Supabase...
2025-06-16 16:43:51,981 - trackpro.database.supabase_client - INFO - [INIT_DEBUG] Attempting _client.auth.get_session()...
2025-06-16 16:43:51,981 - trackpro.database.supabase_client - INFO - [INIT_DEBUG] _client.auth.get_session() successful.
2025-06-16 16:43:51,981 - trackpro.database.supabase_client - INFO - Supabase client initialized and connected successfully
2025-06-16 16:43:52,308 - Supabase.client - INFO - Supabase client initialized with URL: https://xbfotxwpntqplvvsffrr.supabase.co
2025-06-16 16:43:52,651 - trackpro.race_coach - INFO - Compatibility methods already exist in RaceCoachWidget - no patching needed
2025-06-16 16:43:52,652 - trackpro.race_coach.debouncer - INFO - SmartDebouncer initialized - Phase 3 optimization active
2025-06-16 16:43:52,652 - trackpro.race_coach.debouncer - INFO - TrackProDebouncer initialized with optimized delays
2025-06-16 16:43:52,653 - trackpro.pedals.curve_cache - INFO - Loaded curve cache with 43 entries
2025-06-16 16:43:52,654 - trackpro.pedals.curve_cache - INFO - CurveCache initialized with TTL 3600s
2025-06-16 16:43:53,676 - trackpro.gamification.stripe_integration - WARNING - Stripe secret key not found in environment variables. Payment processing will be disabled.
2025-06-16 16:43:53,679 - trackpro.database.supabase_client - INFO - Initializing Supabase manager for the first time
2025-06-16 16:43:53,679 - trackpro.database.supabase_client - INFO - No saved authentication session found
2025-06-16 16:43:53,679 - trackpro.database.supabase_client - INFO - Checking if Supabase is enabled...
2025-06-16 16:43:53,680 - trackpro.config - INFO - Supabase enabled: True
2025-06-16 16:43:53,680 - trackpro.database.supabase_client - INFO - Supabase is enabled in configuration
2025-06-16 16:43:53,680 - trackpro.config - INFO - Found Supabase URL
2025-06-16 16:43:53,680 - trackpro.config - INFO - Found Supabase key
2025-06-16 16:43:53,680 - trackpro.database.supabase_client - INFO - Using Supabase URL: https://xbfotxwpntqplvvsffrr.supabase.co
2025-06-16 16:43:53,680 - trackpro.database.supabase_client - INFO - Got Supabase key: eyJhbGciOiJIUzI1NiIs...
2025-06-16 16:43:53,680 - trackpro.database.supabase_client - INFO - [INIT_DEBUG] Attempting DNS resolution for: xbfotxwpntqplvvsffrr.supabase.co
2025-06-16 16:43:53,680 - trackpro.database.supabase_client - INFO - Resolved xbfotxwpntqplvvsffrr.supabase.co to 104.18.38.10
2025-06-16 16:43:53,680 - trackpro.database.supabase_client - INFO - Initializing Supabase client...
2025-06-16 16:43:53,681 - trackpro.database.supabase_client - INFO - [INIT_DEBUG] Attempting create_client...
2025-06-16 16:43:53,881 - trackpro.database.supabase_client - INFO - [INIT_DEBUG] create_client call successful.
2025-06-16 16:43:53,881 - trackpro.database.supabase_client - INFO - [INIT_DEBUG] Client object created: True
2025-06-16 16:43:53,881 - trackpro.database.supabase_client - INFO - Testing connection to Supabase...
2025-06-16 16:43:53,881 - trackpro.database.supabase_client - INFO - [INIT_DEBUG] Attempting _client.auth.get_session()...
2025-06-16 16:43:53,882 - trackpro.database.supabase_client - INFO - [INIT_DEBUG] _client.auth.get_session() successful.
2025-06-16 16:43:53,882 - trackpro.database.supabase_client - INFO - Supabase client initialized and connected successfully
2025-06-16 16:43:53,897 - __main__ - INFO - 2. Testing authentication status...
2025-06-16 16:43:53,899 - __main__ - INFO - ============================================================
2025-06-16 16:43:53,899 - __main__ - INFO - CHECKING DATABASE TABLES
2025-06-16 16:43:53,899 - __main__ - INFO - ============================================================
2025-06-16 16:43:53,899 - __main__ - INFO - Checking table: sessions
2025-06-16 16:43:54,340 - __main__ - INFO - Checking table: laps
2025-06-16 16:43:54,449 - __main__ - INFO - Checking table: telemetry_points
2025-06-16 16:43:54,533 - __main__ - INFO - Checking table: tracks
2025-06-16 16:43:54,622 - __main__ - INFO - Checking table: cars
2025-06-16 16:43:54,732 - __main__ - INFO - ============================================================
2025-06-16 16:43:54,733 - __main__ - INFO - TESTING SESSION CREATION
2025-06-16 16:43:54,733 - __main__ - INFO - ============================================================
2025-06-16 16:43:54,734 - __main__ - INFO - ============================================================
2025-06-16 16:43:54,734 - __main__ - INFO - TESTING IRACING MONITOR SETUP
2025-06-16 16:43:54,734 - __main__ - INFO - ============================================================
2025-06-16 16:43:54,735 - __main__ - INFO - 1. Testing monitor imports...
2025-06-16 16:43:54,749 - trackpro.race_coach.connection_manager - INFO - SmartConnectionManager initialized - Phase 3 optimization active
2025-06-16 16:43:54,751 - __main__ - INFO - 2. Testing lap saver initialization...
2025-06-16 16:43:54,752 - trackpro.race_coach.iracing_lap_saver - INFO - [SaveLapWorker] Entered run() method.
2025-06-16 16:43:54,752 - trackpro.race_coach.iracing_lap_saver - INFO - [SaveLapWorker] Starting lap saving worker thread (self.running is True at this point)
2025-06-16 16:43:54,754 - trackpro.race_coach.iracing_lap_saver - INFO - [SaveLapWorker] IMMEDIATELY BEFORE while loop. self.running = True
2025-06-16 16:43:54,757 - trackpro.race_coach.lap_indexer - INFO - [LapIndexer] Immediate save callback registered
2025-06-16 16:43:54,766 - __main__ - INFO - 3. Checking lap saver session state...
2025-06-16 16:43:54,766 - __main__ - INFO -    Session ID: None
2025-06-16 16:43:54,766 - __main__ - INFO -    Track ID: None
2025-06-16 16:43:54,766 - __main__ - INFO -    Car ID: None
2025-06-16 16:43:54,766 - __main__ - INFO -    User ID: None
2025-06-16 16:43:54,767 - __main__ - INFO - ============================================================
2025-06-16 16:43:54,767 - __main__ - INFO - TESTING TELEMETRY PROCESSING
2025-06-16 16:43:54,767 - __main__ - INFO - ============================================================
2025-06-16 16:43:54,768 - trackpro.race_coach.iracing_lap_saver - INFO - [SaveLapWorker] Entered run() method.
2025-06-16 16:43:54,768 - trackpro.race_coach.iracing_lap_saver - INFO - [SaveLapWorker] Starting lap saving worker thread (self.running is True at this point)
2025-06-16 16:43:54,769 - trackpro.race_coach.iracing_lap_saver - INFO - [SaveLapWorker] IMMEDIATELY BEFORE while loop. self.running = True
2025-06-16 16:43:54,771 - trackpro.race_coach.lap_indexer - INFO - [LapIndexer] Immediate save callback registered
2025-06-16 16:43:54,779 - __main__ - INFO - Testing telemetry processing with dummy data...
2025-06-16 16:43:54,780 - __main__ - INFO - ============================================================
2025-06-16 16:43:54,780 - __main__ - INFO - CREATING MANUAL SESSION FOR TESTING
2025-06-16 16:43:54,780 - __main__ - INFO - ============================================================
2025-06-16 16:43:54,783 - __main__ - INFO - ============================================================
2025-06-16 16:43:54,784 - __main__ - INFO - CHECKING RACE COACH MONITORING
2025-06-16 16:43:54,784 - __main__ - INFO - ============================================================
2025-06-16 16:43:54,785 - trackpro.auth.user_manager - WARNING - Created anonymous user with temporary ID: e4003584-0696-47ac-82e9-60f4a3d8bc3d
2025-06-16 16:43:54,788 - __main__ - ERROR -    Solution: User needs to login to TrackPro first
2025-06-16 16:43:54,788 - __main__ - INFO - ============================================================
2025-06-16 16:43:54,788 - __main__ - INFO - ATTEMPTING MANUAL MONITOR START
2025-06-16 16:43:54,788 - __main__ - INFO - ============================================================
2025-06-16 16:43:54,790 - __main__ - INFO - ============================================================
2025-06-16 16:43:54,790 - __main__ - INFO - DIAGNOSTIC SUMMARY
2025-06-16 16:43:54,790 - __main__ - INFO - ============================================================
2025-06-16 16:43:54,809 - __main__ - INFO - Check the failed tests above to fix the issues.
2025-06-16 16:43:54,809 - __main__ - INFO - 
2025-06-16 16:43:54,811 - __main__ - INFO -    1. Open TrackPro
2025-06-16 16:43:54,812 - __main__ - INFO -    2. Click the login button
2025-06-16 16:43:54,812 - __main__ - INFO -    3. Login with Google/Discord
2025-06-16 16:43:54,812 - __main__ - INFO -    4. Then start iRacing and the telemetry will be saved
2025-06-16 16:43:54,812 - __main__ - INFO - 
